{"/Users/thomas/Projects/src/github/turbolinks-bfcache-form/dist/turbolinks-bfcache-form.js": {"path":"/Users/thomas/Projects/src/github/turbolinks-bfcache-form/dist/turbolinks-bfcache-form.js","statementMap":{"0":{"start":{"line":1,"column":0},"end":{"line":437,"column":4}},"1":{"start":{"line":2,"column":2},"end":{"line":2,"column":277}},"2":{"start":{"line":4,"column":2},"end":{"line":436,"column":6}},"3":{"start":{"line":5,"column":12},"end":{"line":5,"column":14}},"4":{"start":{"line":8,"column":6},"end":{"line":8,"column":36}},"5":{"start":{"line":8,"column":16},"end":{"line":8,"column":36}},"6":{"start":{"line":9,"column":14},"end":{"line":9,"column":49}},"7":{"start":{"line":10,"column":6},"end":{"line":10,"column":72}},"8":{"start":{"line":13,"column":4},"end":{"line":37,"column":28}},"9":{"start":{"line":14,"column":6},"end":{"line":14,"column":75}},"10":{"start":{"line":16,"column":6},"end":{"line":16,"column":181}},"11":{"start":{"line":18,"column":6},"end":{"line":18,"column":47}},"12":{"start":{"line":18,"column":38},"end":{"line":18,"column":47}},"13":{"start":{"line":19,"column":6},"end":{"line":19,"column":71}},"14":{"start":{"line":19,"column":62},"end":{"line":19,"column":71}},"15":{"start":{"line":20,"column":14},"end":{"line":20,"column":33}},"16":{"start":{"line":21,"column":6},"end":{"line":26,"column":23}},"17":{"start":{"line":24,"column":41},"end":{"line":26,"column":23}},"18":{"start":{"line":24,"column":58},"end":{"line":26,"column":23}},"19":{"start":{"line":25,"column":8},"end":{"line":25,"column":20}},"20":{"start":{"line":27,"column":6},"end":{"line":27,"column":15}},"21":{"start":{"line":29,"column":14},"end":{"line":33,"column":7}},"22":{"start":{"line":30,"column":8},"end":{"line":30,"column":25}},"23":{"start":{"line":32,"column":8},"end":{"line":32,"column":17}},"24":{"start":{"line":34,"column":6},"end":{"line":34,"column":31}},"25":{"start":{"line":36,"column":6},"end":{"line":36,"column":56}},"26":{"start":{"line":42,"column":6},"end":{"line":51,"column":23}},"27":{"start":{"line":43,"column":16},"end":{"line":46,"column":15}},"28":{"start":{"line":44,"column":10},"end":{"line":44,"column":87}},"29":{"start":{"line":45,"column":10},"end":{"line":45,"column":19}},"30":{"start":{"line":47,"column":8},"end":{"line":50,"column":9}},"31":{"start":{"line":48,"column":18},"end":{"line":48,"column":55}},"32":{"start":{"line":49,"column":10},"end":{"line":49,"column":49}},"33":{"start":{"line":55,"column":6},"end":{"line":55,"column":122}},"34":{"start":{"line":55,"column":48},"end":{"line":55,"column":122}},"35":{"start":{"line":56,"column":6},"end":{"line":62,"column":23}},"36":{"start":{"line":66,"column":6},"end":{"line":68,"column":15}},"37":{"start":{"line":67,"column":8},"end":{"line":67,"column":34}},"38":{"start":{"line":72,"column":14},"end":{"line":82,"column":9}},"39":{"start":{"line":73,"column":8},"end":{"line":73,"column":75}},"40":{"start":{"line":73,"column":65},"end":{"line":73,"column":75}},"41":{"start":{"line":74,"column":8},"end":{"line":74,"column":46}},"42":{"start":{"line":74,"column":36},"end":{"line":74,"column":46}},"43":{"start":{"line":75,"column":8},"end":{"line":75,"column":50}},"44":{"start":{"line":75,"column":40},"end":{"line":75,"column":50}},"45":{"start":{"line":76,"column":8},"end":{"line":81,"column":9}},"46":{"start":{"line":77,"column":10},"end":{"line":78,"column":19}},"47":{"start":{"line":80,"column":10},"end":{"line":80,"column":20}},"48":{"start":{"line":83,"column":6},"end":{"line":90,"column":8}},"49":{"start":{"line":84,"column":19},"end":{"line":84,"column":23}},"50":{"start":{"line":85,"column":8},"end":{"line":88,"column":44}},"51":{"start":{"line":86,"column":18},"end":{"line":86,"column":37}},"52":{"start":{"line":87,"column":10},"end":{"line":87,"column":49}},"53":{"start":{"line":88,"column":15},"end":{"line":88,"column":44}},"54":{"start":{"line":89,"column":8},"end":{"line":89,"column":26}},"55":{"start":{"line":94,"column":6},"end":{"line":97,"column":15}},"56":{"start":{"line":95,"column":8},"end":{"line":95,"column":114}},"57":{"start":{"line":95,"column":26},"end":{"line":95,"column":114}},"58":{"start":{"line":96,"column":8},"end":{"line":96,"column":17}},"59":{"start":{"line":101,"column":6},"end":{"line":103,"column":12}},"60":{"start":{"line":102,"column":8},"end":{"line":102,"column":55}},"61":{"start":{"line":107,"column":6},"end":{"line":120,"column":10}},"62":{"start":{"line":108,"column":8},"end":{"line":108,"column":42}},"63":{"start":{"line":108,"column":30},"end":{"line":108,"column":42}},"64":{"start":{"line":110,"column":8},"end":{"line":110,"column":95}},"65":{"start":{"line":110,"column":74},"end":{"line":110,"column":95}},"66":{"start":{"line":112,"column":8},"end":{"line":112,"column":23}},"67":{"start":{"line":112,"column":16},"end":{"line":112,"column":23}},"68":{"start":{"line":113,"column":8},"end":{"line":113,"column":49}},"69":{"start":{"line":113,"column":34},"end":{"line":113,"column":49}},"70":{"start":{"line":114,"column":16},"end":{"line":114,"column":62}},"71":{"start":{"line":115,"column":8},"end":{"line":115,"column":68}},"72":{"start":{"line":116,"column":8},"end":{"line":116,"column":61}},"73":{"start":{"line":116,"column":40},"end":{"line":116,"column":61}},"74":{"start":{"line":117,"column":8},"end":{"line":117,"column":100}},"75":{"start":{"line":117,"column":85},"end":{"line":117,"column":100}},"76":{"start":{"line":119,"column":8},"end":{"line":119,"column":164}},"77":{"start":{"line":124,"column":6},"end":{"line":124,"column":52}},"78":{"start":{"line":125,"column":6},"end":{"line":125,"column":64}},"79":{"start":{"line":125,"column":19},"end":{"line":125,"column":20}},"80":{"start":{"line":125,"column":26},"end":{"line":125,"column":38}},"81":{"start":{"line":125,"column":52},"end":{"line":125,"column":64}},"82":{"start":{"line":126,"column":6},"end":{"line":126,"column":15}},"83":{"start":{"line":130,"column":6},"end":{"line":130,"column":86}},"84":{"start":{"line":130,"column":29},"end":{"line":130,"column":86}},"85":{"start":{"line":134,"column":6},"end":{"line":137,"column":7}},"86":{"start":{"line":134,"column":19},"end":{"line":134,"column":20}},"87":{"start":{"line":135,"column":16},"end":{"line":135,"column":20}},"88":{"start":{"line":136,"column":8},"end":{"line":136,"column":134}},"89":{"start":{"line":141,"column":6},"end":{"line":141,"column":53}},"90":{"start":{"line":144,"column":4},"end":{"line":146,"column":8}},"91":{"start":{"line":145,"column":6},"end":{"line":145,"column":15}},"92":{"start":{"line":147,"column":12},"end":{"line":147,"column":58}},"93":{"start":{"line":148,"column":10},"end":{"line":148,"column":91}},"94":{"start":{"line":149,"column":10},"end":{"line":169,"column":9}},"95":{"start":{"line":151,"column":10},"end":{"line":151,"column":21}},"96":{"start":{"line":154,"column":8},"end":{"line":168,"column":15}},"97":{"start":{"line":156,"column":20},"end":{"line":156,"column":36}},"98":{"start":{"line":157,"column":12},"end":{"line":157,"column":41}},"99":{"start":{"line":157,"column":31},"end":{"line":157,"column":41}},"100":{"start":{"line":158,"column":12},"end":{"line":160,"column":16}},"101":{"start":{"line":159,"column":14},"end":{"line":159,"column":33}},"102":{"start":{"line":164,"column":12},"end":{"line":166,"column":16}},"103":{"start":{"line":165,"column":14},"end":{"line":165,"column":38}},"104":{"start":{"line":169,"column":15},"end":{"line":201,"column":9}},"105":{"start":{"line":171,"column":18},"end":{"line":171,"column":22}},"106":{"start":{"line":172,"column":10},"end":{"line":174,"column":60}},"107":{"start":{"line":173,"column":12},"end":{"line":173,"column":270}},"108":{"start":{"line":177,"column":8},"end":{"line":200,"column":15}},"109":{"start":{"line":179,"column":12},"end":{"line":179,"column":99}},"110":{"start":{"line":183,"column":12},"end":{"line":183,"column":67}},"111":{"start":{"line":187,"column":12},"end":{"line":187,"column":45}},"112":{"start":{"line":187,"column":35},"end":{"line":187,"column":45}},"113":{"start":{"line":188,"column":12},"end":{"line":190,"column":16}},"114":{"start":{"line":189,"column":14},"end":{"line":189,"column":27}},"115":{"start":{"line":194,"column":12},"end":{"line":194,"column":83}},"116":{"start":{"line":198,"column":12},"end":{"line":198,"column":74}},"117":{"start":{"line":201,"column":15},"end":{"line":228,"column":9}},"118":{"start":{"line":203,"column":18},"end":{"line":203,"column":85}},"119":{"start":{"line":204,"column":10},"end":{"line":204,"column":39}},"120":{"start":{"line":207,"column":8},"end":{"line":227,"column":15}},"121":{"start":{"line":209,"column":20},"end":{"line":209,"column":95}},"122":{"start":{"line":210,"column":12},"end":{"line":210,"column":42}},"123":{"start":{"line":210,"column":32},"end":{"line":210,"column":42}},"124":{"start":{"line":211,"column":12},"end":{"line":211,"column":177}},"125":{"start":{"line":215,"column":20},"end":{"line":215,"column":72}},"126":{"start":{"line":216,"column":12},"end":{"line":216,"column":28}},"127":{"start":{"line":220,"column":20},"end":{"line":220,"column":87}},"128":{"start":{"line":221,"column":12},"end":{"line":221,"column":107}},"129":{"start":{"line":225,"column":12},"end":{"line":225,"column":65}},"130":{"start":{"line":228,"column":15},"end":{"line":269,"column":9}},"131":{"start":{"line":230,"column":10},"end":{"line":230,"column":39}},"132":{"start":{"line":233,"column":8},"end":{"line":268,"column":15}},"133":{"start":{"line":235,"column":12},"end":{"line":235,"column":112}},"134":{"start":{"line":239,"column":20},"end":{"line":239,"column":24}},"135":{"start":{"line":240,"column":12},"end":{"line":242,"column":22}},"136":{"start":{"line":241,"column":14},"end":{"line":241,"column":150}},"137":{"start":{"line":246,"column":20},"end":{"line":246,"column":24}},"138":{"start":{"line":247,"column":12},"end":{"line":250,"column":22}},"139":{"start":{"line":248,"column":22},"end":{"line":248,"column":48}},"140":{"start":{"line":249,"column":14},"end":{"line":249,"column":40}},"141":{"start":{"line":254,"column":12},"end":{"line":254,"column":21}},"142":{"start":{"line":258,"column":12},"end":{"line":258,"column":27}},"143":{"start":{"line":262,"column":12},"end":{"line":262,"column":108}},"144":{"start":{"line":266,"column":12},"end":{"line":266,"column":34}},"145":{"start":{"line":270,"column":4},"end":{"line":270,"column":34}},"146":{"start":{"line":271,"column":12},"end":{"line":290,"column":8}},"147":{"start":{"line":272,"column":6},"end":{"line":272,"column":14}},"148":{"start":{"line":273,"column":14},"end":{"line":273,"column":18}},"149":{"start":{"line":276,"column":8},"end":{"line":276,"column":52}},"150":{"start":{"line":279,"column":6},"end":{"line":289,"column":13}},"151":{"start":{"line":281,"column":10},"end":{"line":283,"column":20}},"152":{"start":{"line":282,"column":12},"end":{"line":282,"column":30}},"153":{"start":{"line":287,"column":10},"end":{"line":287,"column":42}},"154":{"start":{"line":291,"column":4},"end":{"line":291,"column":25}},"155":{"start":{"line":292,"column":12},"end":{"line":301,"column":8}},"156":{"start":{"line":293,"column":6},"end":{"line":293,"column":14}},"157":{"start":{"line":294,"column":14},"end":{"line":294,"column":18}},"158":{"start":{"line":297,"column":8},"end":{"line":297,"column":52}},"159":{"start":{"line":300,"column":6},"end":{"line":300,"column":15}},"160":{"start":{"line":302,"column":4},"end":{"line":302,"column":26}},"161":{"start":{"line":303,"column":12},"end":{"line":316,"column":8}},"162":{"start":{"line":304,"column":6},"end":{"line":304,"column":14}},"163":{"start":{"line":305,"column":14},"end":{"line":305,"column":18}},"164":{"start":{"line":308,"column":8},"end":{"line":308,"column":52}},"165":{"start":{"line":311,"column":6},"end":{"line":315,"column":13}},"166":{"start":{"line":313,"column":10},"end":{"line":313,"column":22}},"167":{"start":{"line":317,"column":4},"end":{"line":317,"column":26}},"168":{"start":{"line":318,"column":12},"end":{"line":331,"column":8}},"169":{"start":{"line":319,"column":6},"end":{"line":319,"column":14}},"170":{"start":{"line":320,"column":14},"end":{"line":320,"column":18}},"171":{"start":{"line":323,"column":8},"end":{"line":323,"column":52}},"172":{"start":{"line":326,"column":6},"end":{"line":330,"column":13}},"173":{"start":{"line":328,"column":10},"end":{"line":328,"column":27}},"174":{"start":{"line":332,"column":4},"end":{"line":332,"column":26}},"175":{"start":{"line":333,"column":12},"end":{"line":347,"column":8}},"176":{"start":{"line":334,"column":6},"end":{"line":334,"column":14}},"177":{"start":{"line":335,"column":14},"end":{"line":335,"column":18}},"178":{"start":{"line":338,"column":8},"end":{"line":338,"column":52}},"179":{"start":{"line":341,"column":6},"end":{"line":346,"column":13}},"180":{"start":{"line":343,"column":18},"end":{"line":343,"column":128}},"181":{"start":{"line":344,"column":10},"end":{"line":344,"column":56}},"182":{"start":{"line":348,"column":4},"end":{"line":348,"column":23}},"183":{"start":{"line":349,"column":12},"end":{"line":362,"column":8}},"184":{"start":{"line":350,"column":6},"end":{"line":350,"column":14}},"185":{"start":{"line":351,"column":14},"end":{"line":351,"column":18}},"186":{"start":{"line":354,"column":8},"end":{"line":354,"column":52}},"187":{"start":{"line":357,"column":6},"end":{"line":361,"column":13}},"188":{"start":{"line":359,"column":10},"end":{"line":359,"column":28}},"189":{"start":{"line":363,"column":4},"end":{"line":363,"column":27}},"190":{"start":{"line":364,"column":12},"end":{"line":377,"column":8}},"191":{"start":{"line":365,"column":6},"end":{"line":365,"column":14}},"192":{"start":{"line":366,"column":14},"end":{"line":366,"column":18}},"193":{"start":{"line":369,"column":8},"end":{"line":369,"column":52}},"194":{"start":{"line":372,"column":6},"end":{"line":376,"column":13}},"195":{"start":{"line":374,"column":10},"end":{"line":374,"column":41}},"196":{"start":{"line":378,"column":4},"end":{"line":378,"column":57}},"197":{"start":{"line":379,"column":12},"end":{"line":398,"column":8}},"198":{"start":{"line":380,"column":6},"end":{"line":380,"column":14}},"199":{"start":{"line":381,"column":14},"end":{"line":381,"column":18}},"200":{"start":{"line":384,"column":8},"end":{"line":384,"column":52}},"201":{"start":{"line":387,"column":6},"end":{"line":397,"column":13}},"202":{"start":{"line":389,"column":10},"end":{"line":389,"column":108}},"203":{"start":{"line":393,"column":10},"end":{"line":395,"column":14}},"204":{"start":{"line":394,"column":12},"end":{"line":394,"column":44}},"205":{"start":{"line":399,"column":4},"end":{"line":399,"column":27}},"206":{"start":{"line":400,"column":12},"end":{"line":414,"column":7}},"207":{"start":{"line":402,"column":8},"end":{"line":402,"column":19}},"208":{"start":{"line":405,"column":6},"end":{"line":413,"column":13}},"209":{"start":{"line":407,"column":10},"end":{"line":407,"column":20}},"210":{"start":{"line":411,"column":10},"end":{"line":411,"column":20}},"211":{"start":{"line":414,"column":13},"end":{"line":434,"column":7}},"212":{"start":{"line":416,"column":8},"end":{"line":416,"column":19}},"213":{"start":{"line":419,"column":6},"end":{"line":433,"column":13}},"214":{"start":{"line":421,"column":10},"end":{"line":421,"column":43}},"215":{"start":{"line":425,"column":10},"end":{"line":425,"column":38}},"216":{"start":{"line":429,"column":10},"end":{"line":431,"column":18}},"217":{"start":{"line":430,"column":12},"end":{"line":430,"column":30}},"218":{"start":{"line":435,"column":4},"end":{"line":435,"column":51}}},"fnMap":{"0":{"name":"(anonymous_0)","decl":{"start":{"line":1,"column":1},"end":{"line":1,"column":2}},"loc":{"start":{"line":1,"column":16},"end":{"line":3,"column":1}},"line":1},"1":{"name":"(anonymous_1)","decl":{"start":{"line":3,"column":9},"end":{"line":3,"column":10}},"loc":{"start":{"line":3,"column":20},"end":{"line":437,"column":1}},"line":3},"2":{"name":"(anonymous_2)","decl":{"start":{"line":4,"column":9},"end":{"line":4,"column":10}},"loc":{"start":{"line":4,"column":21},"end":{"line":38,"column":3}},"line":4},"3":{"name":"n","decl":{"start":{"line":7,"column":13},"end":{"line":7,"column":14}},"loc":{"start":{"line":7,"column":18},"end":{"line":11,"column":5}},"line":7},"4":{"name":"(anonymous_4)","decl":{"start":{"line":13,"column":35},"end":{"line":13,"column":36}},"loc":{"start":{"line":13,"column":53},"end":{"line":15,"column":5}},"line":13},"5":{"name":"(anonymous_5)","decl":{"start":{"line":15,"column":13},"end":{"line":15,"column":14}},"loc":{"start":{"line":15,"column":25},"end":{"line":17,"column":5}},"line":15},"6":{"name":"(anonymous_6)","decl":{"start":{"line":17,"column":13},"end":{"line":17,"column":14}},"loc":{"start":{"line":17,"column":28},"end":{"line":28,"column":5}},"line":17},"7":{"name":"(anonymous_7)","decl":{"start":{"line":24,"column":68},"end":{"line":24,"column":69}},"loc":{"start":{"line":24,"column":80},"end":{"line":26,"column":7}},"line":24},"8":{"name":"(anonymous_8)","decl":{"start":{"line":28,"column":13},"end":{"line":28,"column":14}},"loc":{"start":{"line":28,"column":25},"end":{"line":35,"column":5}},"line":28},"9":{"name":"(anonymous_9)","decl":{"start":{"line":29,"column":34},"end":{"line":29,"column":35}},"loc":{"start":{"line":29,"column":45},"end":{"line":31,"column":7}},"line":29},"10":{"name":"(anonymous_10)","decl":{"start":{"line":31,"column":10},"end":{"line":31,"column":11}},"loc":{"start":{"line":31,"column":21},"end":{"line":33,"column":7}},"line":31},"11":{"name":"(anonymous_11)","decl":{"start":{"line":35,"column":13},"end":{"line":35,"column":14}},"loc":{"start":{"line":35,"column":28},"end":{"line":37,"column":5}},"line":35},"12":{"name":"(anonymous_12)","decl":{"start":{"line":38,"column":5},"end":{"line":38,"column":6}},"loc":{"start":{"line":38,"column":23},"end":{"line":436,"column":3}},"line":38},"13":{"name":"r","decl":{"start":{"line":41,"column":13},"end":{"line":41,"column":14}},"loc":{"start":{"line":41,"column":24},"end":{"line":52,"column":5}},"line":41},"14":{"name":"(anonymous_14)","decl":{"start":{"line":42,"column":79},"end":{"line":42,"column":80}},"loc":{"start":{"line":42,"column":97},"end":{"line":51,"column":7}},"line":42},"15":{"name":"(anonymous_15)","decl":{"start":{"line":43,"column":16},"end":{"line":43,"column":17}},"loc":{"start":{"line":43,"column":31},"end":{"line":46,"column":9}},"line":43},"16":{"name":"o","decl":{"start":{"line":54,"column":13},"end":{"line":54,"column":14}},"loc":{"start":{"line":54,"column":21},"end":{"line":63,"column":5}},"line":54},"17":{"name":"u","decl":{"start":{"line":65,"column":13},"end":{"line":65,"column":14}},"loc":{"start":{"line":65,"column":21},"end":{"line":69,"column":5}},"line":65},"18":{"name":"(anonymous_18)","decl":{"start":{"line":66,"column":43},"end":{"line":66,"column":44}},"loc":{"start":{"line":66,"column":58},"end":{"line":68,"column":7}},"line":66},"19":{"name":"c","decl":{"start":{"line":71,"column":13},"end":{"line":71,"column":14}},"loc":{"start":{"line":71,"column":18},"end":{"line":91,"column":5}},"line":71},"20":{"name":"(anonymous_20)","decl":{"start":{"line":72,"column":14},"end":{"line":72,"column":15}},"loc":{"start":{"line":72,"column":25},"end":{"line":82,"column":7}},"line":72},"21":{"name":"(anonymous_21)","decl":{"start":{"line":77,"column":75},"end":{"line":77,"column":76}},"loc":{"start":{"line":77,"column":86},"end":{"line":78,"column":11}},"line":77},"22":{"name":"(anonymous_22)","decl":{"start":{"line":83,"column":13},"end":{"line":83,"column":14}},"loc":{"start":{"line":83,"column":24},"end":{"line":90,"column":7}},"line":83},"23":{"name":"i","decl":{"start":{"line":93,"column":13},"end":{"line":93,"column":14}},"loc":{"start":{"line":93,"column":21},"end":{"line":98,"column":5}},"line":93},"24":{"name":"(anonymous_24)","decl":{"start":{"line":94,"column":68},"end":{"line":94,"column":69}},"loc":{"start":{"line":94,"column":80},"end":{"line":97,"column":7}},"line":94},"25":{"name":"a","decl":{"start":{"line":100,"column":13},"end":{"line":100,"column":14}},"loc":{"start":{"line":100,"column":18},"end":{"line":104,"column":5}},"line":100},"26":{"name":"(anonymous_26)","decl":{"start":{"line":101,"column":66},"end":{"line":101,"column":67}},"loc":{"start":{"line":101,"column":78},"end":{"line":103,"column":7}},"line":101},"27":{"name":"f","decl":{"start":{"line":106,"column":13},"end":{"line":106,"column":14}},"loc":{"start":{"line":106,"column":18},"end":{"line":121,"column":5}},"line":106},"28":{"name":"(anonymous_28)","decl":{"start":{"line":107,"column":13},"end":{"line":107,"column":14}},"loc":{"start":{"line":107,"column":25},"end":{"line":109,"column":7}},"line":107},"29":{"name":"(anonymous_29)","decl":{"start":{"line":109,"column":14},"end":{"line":109,"column":15}},"loc":{"start":{"line":109,"column":26},"end":{"line":111,"column":7}},"line":109},"30":{"name":"(anonymous_30)","decl":{"start":{"line":111,"column":14},"end":{"line":111,"column":15}},"loc":{"start":{"line":111,"column":29},"end":{"line":118,"column":7}},"line":111},"31":{"name":"(anonymous_31)","decl":{"start":{"line":118,"column":14},"end":{"line":118,"column":15}},"loc":{"start":{"line":118,"column":25},"end":{"line":120,"column":7}},"line":118},"32":{"name":"l","decl":{"start":{"line":123,"column":13},"end":{"line":123,"column":14}},"loc":{"start":{"line":123,"column":21},"end":{"line":127,"column":5}},"line":123},"33":{"name":"s","decl":{"start":{"line":129,"column":13},"end":{"line":129,"column":14}},"loc":{"start":{"line":129,"column":21},"end":{"line":131,"column":5}},"line":129},"34":{"name":"h","decl":{"start":{"line":133,"column":13},"end":{"line":133,"column":14}},"loc":{"start":{"line":133,"column":21},"end":{"line":138,"column":5}},"line":133},"35":{"name":"y","decl":{"start":{"line":140,"column":13},"end":{"line":140,"column":14}},"loc":{"start":{"line":140,"column":24},"end":{"line":142,"column":5}},"line":140},"36":{"name":"(anonymous_36)","decl":{"start":{"line":144,"column":31},"end":{"line":144,"column":32}},"loc":{"start":{"line":144,"column":42},"end":{"line":146,"column":5}},"line":144},"37":{"name":"(anonymous_37)","decl":{"start":{"line":149,"column":10},"end":{"line":149,"column":11}},"loc":{"start":{"line":149,"column":21},"end":{"line":169,"column":7}},"line":149},"38":{"name":"t","decl":{"start":{"line":150,"column":17},"end":{"line":150,"column":18}},"loc":{"start":{"line":150,"column":21},"end":{"line":152,"column":9}},"line":150},"39":{"name":"(anonymous_39)","decl":{"start":{"line":155,"column":30},"end":{"line":155,"column":31}},"loc":{"start":{"line":155,"column":41},"end":{"line":161,"column":11}},"line":155},"40":{"name":"(anonymous_40)","decl":{"start":{"line":158,"column":39},"end":{"line":158,"column":40}},"loc":{"start":{"line":158,"column":51},"end":{"line":160,"column":13}},"line":158},"41":{"name":"(anonymous_41)","decl":{"start":{"line":163,"column":32},"end":{"line":163,"column":33}},"loc":{"start":{"line":163,"column":43},"end":{"line":167,"column":11}},"line":163},"42":{"name":"(anonymous_42)","decl":{"start":{"line":164,"column":39},"end":{"line":164,"column":40}},"loc":{"start":{"line":164,"column":51},"end":{"line":166,"column":13}},"line":164},"43":{"name":"(anonymous_43)","decl":{"start":{"line":169,"column":15},"end":{"line":169,"column":16}},"loc":{"start":{"line":169,"column":26},"end":{"line":201,"column":7}},"line":169},"44":{"name":"t","decl":{"start":{"line":170,"column":17},"end":{"line":170,"column":18}},"loc":{"start":{"line":170,"column":25},"end":{"line":175,"column":9}},"line":170},"45":{"name":"(anonymous_45)","decl":{"start":{"line":172,"column":38},"end":{"line":172,"column":39}},"loc":{"start":{"line":172,"column":50},"end":{"line":174,"column":11}},"line":172},"46":{"name":"(anonymous_46)","decl":{"start":{"line":178,"column":30},"end":{"line":178,"column":31}},"loc":{"start":{"line":178,"column":41},"end":{"line":180,"column":11}},"line":178},"47":{"name":"(anonymous_47)","decl":{"start":{"line":182,"column":32},"end":{"line":182,"column":33}},"loc":{"start":{"line":182,"column":43},"end":{"line":184,"column":11}},"line":182},"48":{"name":"(anonymous_48)","decl":{"start":{"line":186,"column":33},"end":{"line":186,"column":34}},"loc":{"start":{"line":186,"column":44},"end":{"line":191,"column":11}},"line":186},"49":{"name":"(anonymous_49)","decl":{"start":{"line":188,"column":68},"end":{"line":188,"column":69}},"loc":{"start":{"line":188,"column":80},"end":{"line":190,"column":13}},"line":188},"50":{"name":"(anonymous_50)","decl":{"start":{"line":193,"column":34},"end":{"line":193,"column":35}},"loc":{"start":{"line":193,"column":45},"end":{"line":195,"column":11}},"line":193},"51":{"name":"(anonymous_51)","decl":{"start":{"line":197,"column":35},"end":{"line":197,"column":36}},"loc":{"start":{"line":197,"column":46},"end":{"line":199,"column":11}},"line":197},"52":{"name":"(anonymous_52)","decl":{"start":{"line":201,"column":15},"end":{"line":201,"column":16}},"loc":{"start":{"line":201,"column":26},"end":{"line":228,"column":7}},"line":201},"53":{"name":"t","decl":{"start":{"line":202,"column":17},"end":{"line":202,"column":18}},"loc":{"start":{"line":202,"column":21},"end":{"line":205,"column":9}},"line":202},"54":{"name":"(anonymous_54)","decl":{"start":{"line":208,"column":29},"end":{"line":208,"column":30}},"loc":{"start":{"line":208,"column":40},"end":{"line":212,"column":11}},"line":208},"55":{"name":"(anonymous_55)","decl":{"start":{"line":214,"column":32},"end":{"line":214,"column":33}},"loc":{"start":{"line":214,"column":43},"end":{"line":217,"column":11}},"line":214},"56":{"name":"(anonymous_56)","decl":{"start":{"line":219,"column":33},"end":{"line":219,"column":34}},"loc":{"start":{"line":219,"column":44},"end":{"line":222,"column":11}},"line":219},"57":{"name":"(anonymous_57)","decl":{"start":{"line":224,"column":34},"end":{"line":224,"column":35}},"loc":{"start":{"line":224,"column":45},"end":{"line":226,"column":11}},"line":224},"58":{"name":"(anonymous_58)","decl":{"start":{"line":228,"column":15},"end":{"line":228,"column":16}},"loc":{"start":{"line":228,"column":26},"end":{"line":269,"column":7}},"line":228},"59":{"name":"t","decl":{"start":{"line":229,"column":17},"end":{"line":229,"column":18}},"loc":{"start":{"line":229,"column":22},"end":{"line":231,"column":9}},"line":229},"60":{"name":"(anonymous_60)","decl":{"start":{"line":234,"column":31},"end":{"line":234,"column":32}},"loc":{"start":{"line":234,"column":43},"end":{"line":236,"column":11}},"line":234},"61":{"name":"(anonymous_61)","decl":{"start":{"line":238,"column":31},"end":{"line":238,"column":32}},"loc":{"start":{"line":238,"column":42},"end":{"line":243,"column":11}},"line":238},"62":{"name":"(anonymous_62)","decl":{"start":{"line":240,"column":42},"end":{"line":240,"column":43}},"loc":{"start":{"line":240,"column":54},"end":{"line":242,"column":13}},"line":240},"63":{"name":"(anonymous_63)","decl":{"start":{"line":245,"column":33},"end":{"line":245,"column":34}},"loc":{"start":{"line":245,"column":44},"end":{"line":251,"column":11}},"line":245},"64":{"name":"(anonymous_64)","decl":{"start":{"line":247,"column":42},"end":{"line":247,"column":43}},"loc":{"start":{"line":247,"column":54},"end":{"line":250,"column":13}},"line":247},"65":{"name":"(anonymous_65)","decl":{"start":{"line":253,"column":32},"end":{"line":253,"column":33}},"loc":{"start":{"line":253,"column":43},"end":{"line":255,"column":11}},"line":253},"66":{"name":"(anonymous_66)","decl":{"start":{"line":257,"column":33},"end":{"line":257,"column":34}},"loc":{"start":{"line":257,"column":44},"end":{"line":259,"column":11}},"line":257},"67":{"name":"(anonymous_67)","decl":{"start":{"line":261,"column":40},"end":{"line":261,"column":41}},"loc":{"start":{"line":261,"column":51},"end":{"line":263,"column":11}},"line":261},"68":{"name":"(anonymous_68)","decl":{"start":{"line":265,"column":32},"end":{"line":265,"column":33}},"loc":{"start":{"line":265,"column":43},"end":{"line":267,"column":11}},"line":265},"69":{"name":"(anonymous_69)","decl":{"start":{"line":271,"column":12},"end":{"line":271,"column":13}},"loc":{"start":{"line":271,"column":24},"end":{"line":290,"column":5}},"line":271},"70":{"name":"n","decl":{"start":{"line":275,"column":15},"end":{"line":275,"column":16}},"loc":{"start":{"line":275,"column":19},"end":{"line":277,"column":7}},"line":275},"71":{"name":"(anonymous_71)","decl":{"start":{"line":280,"column":29},"end":{"line":280,"column":30}},"loc":{"start":{"line":280,"column":40},"end":{"line":284,"column":9}},"line":280},"72":{"name":"(anonymous_72)","decl":{"start":{"line":281,"column":40},"end":{"line":281,"column":41}},"loc":{"start":{"line":281,"column":52},"end":{"line":283,"column":11}},"line":281},"73":{"name":"(anonymous_73)","decl":{"start":{"line":286,"column":30},"end":{"line":286,"column":31}},"loc":{"start":{"line":286,"column":41},"end":{"line":288,"column":9}},"line":286},"74":{"name":"(anonymous_74)","decl":{"start":{"line":292,"column":12},"end":{"line":292,"column":13}},"loc":{"start":{"line":292,"column":24},"end":{"line":301,"column":5}},"line":292},"75":{"name":"n","decl":{"start":{"line":296,"column":15},"end":{"line":296,"column":16}},"loc":{"start":{"line":296,"column":19},"end":{"line":298,"column":7}},"line":296},"76":{"name":"(anonymous_76)","decl":{"start":{"line":303,"column":12},"end":{"line":303,"column":13}},"loc":{"start":{"line":303,"column":24},"end":{"line":316,"column":5}},"line":303},"77":{"name":"n","decl":{"start":{"line":307,"column":15},"end":{"line":307,"column":16}},"loc":{"start":{"line":307,"column":19},"end":{"line":309,"column":7}},"line":307},"78":{"name":"(anonymous_78)","decl":{"start":{"line":312,"column":29},"end":{"line":312,"column":30}},"loc":{"start":{"line":312,"column":40},"end":{"line":314,"column":9}},"line":312},"79":{"name":"(anonymous_79)","decl":{"start":{"line":318,"column":12},"end":{"line":318,"column":13}},"loc":{"start":{"line":318,"column":24},"end":{"line":331,"column":5}},"line":318},"80":{"name":"n","decl":{"start":{"line":322,"column":15},"end":{"line":322,"column":16}},"loc":{"start":{"line":322,"column":19},"end":{"line":324,"column":7}},"line":322},"81":{"name":"(anonymous_81)","decl":{"start":{"line":327,"column":31},"end":{"line":327,"column":32}},"loc":{"start":{"line":327,"column":42},"end":{"line":329,"column":9}},"line":327},"82":{"name":"(anonymous_82)","decl":{"start":{"line":333,"column":12},"end":{"line":333,"column":13}},"loc":{"start":{"line":333,"column":24},"end":{"line":347,"column":5}},"line":333},"83":{"name":"n","decl":{"start":{"line":337,"column":15},"end":{"line":337,"column":16}},"loc":{"start":{"line":337,"column":19},"end":{"line":339,"column":7}},"line":337},"84":{"name":"(anonymous_84)","decl":{"start":{"line":342,"column":30},"end":{"line":342,"column":31}},"loc":{"start":{"line":342,"column":41},"end":{"line":345,"column":9}},"line":342},"85":{"name":"(anonymous_85)","decl":{"start":{"line":349,"column":12},"end":{"line":349,"column":13}},"loc":{"start":{"line":349,"column":24},"end":{"line":362,"column":5}},"line":349},"86":{"name":"n","decl":{"start":{"line":353,"column":15},"end":{"line":353,"column":16}},"loc":{"start":{"line":353,"column":19},"end":{"line":355,"column":7}},"line":353},"87":{"name":"(anonymous_87)","decl":{"start":{"line":358,"column":31},"end":{"line":358,"column":32}},"loc":{"start":{"line":358,"column":42},"end":{"line":360,"column":9}},"line":358},"88":{"name":"(anonymous_88)","decl":{"start":{"line":364,"column":12},"end":{"line":364,"column":13}},"loc":{"start":{"line":364,"column":24},"end":{"line":377,"column":5}},"line":364},"89":{"name":"n","decl":{"start":{"line":368,"column":15},"end":{"line":368,"column":16}},"loc":{"start":{"line":368,"column":19},"end":{"line":370,"column":7}},"line":368},"90":{"name":"(anonymous_90)","decl":{"start":{"line":373,"column":30},"end":{"line":373,"column":31}},"loc":{"start":{"line":373,"column":41},"end":{"line":375,"column":9}},"line":373},"91":{"name":"(anonymous_91)","decl":{"start":{"line":379,"column":12},"end":{"line":379,"column":13}},"loc":{"start":{"line":379,"column":24},"end":{"line":398,"column":5}},"line":379},"92":{"name":"n","decl":{"start":{"line":383,"column":15},"end":{"line":383,"column":16}},"loc":{"start":{"line":383,"column":19},"end":{"line":385,"column":7}},"line":383},"93":{"name":"(anonymous_93)","decl":{"start":{"line":388,"column":29},"end":{"line":388,"column":30}},"loc":{"start":{"line":388,"column":40},"end":{"line":390,"column":9}},"line":388},"94":{"name":"(anonymous_94)","decl":{"start":{"line":392,"column":54},"end":{"line":392,"column":55}},"loc":{"start":{"line":392,"column":65},"end":{"line":396,"column":9}},"line":392},"95":{"name":"(anonymous_95)","decl":{"start":{"line":393,"column":74},"end":{"line":393,"column":75}},"loc":{"start":{"line":393,"column":86},"end":{"line":395,"column":11}},"line":393},"96":{"name":"(anonymous_96)","decl":{"start":{"line":400,"column":12},"end":{"line":400,"column":13}},"loc":{"start":{"line":400,"column":23},"end":{"line":414,"column":5}},"line":400},"97":{"name":"t","decl":{"start":{"line":401,"column":15},"end":{"line":401,"column":16}},"loc":{"start":{"line":401,"column":19},"end":{"line":403,"column":7}},"line":401},"98":{"name":"(anonymous_98)","decl":{"start":{"line":406,"column":29},"end":{"line":406,"column":30}},"loc":{"start":{"line":406,"column":40},"end":{"line":408,"column":9}},"line":406},"99":{"name":"(anonymous_99)","decl":{"start":{"line":410,"column":31},"end":{"line":410,"column":32}},"loc":{"start":{"line":410,"column":42},"end":{"line":412,"column":9}},"line":410},"100":{"name":"(anonymous_100)","decl":{"start":{"line":414,"column":13},"end":{"line":414,"column":14}},"loc":{"start":{"line":414,"column":24},"end":{"line":434,"column":5}},"line":414},"101":{"name":"t","decl":{"start":{"line":415,"column":15},"end":{"line":415,"column":16}},"loc":{"start":{"line":415,"column":19},"end":{"line":417,"column":7}},"line":415},"102":{"name":"(anonymous_102)","decl":{"start":{"line":420,"column":29},"end":{"line":420,"column":30}},"loc":{"start":{"line":420,"column":41},"end":{"line":422,"column":9}},"line":420},"103":{"name":"(anonymous_103)","decl":{"start":{"line":424,"column":31},"end":{"line":424,"column":32}},"loc":{"start":{"line":424,"column":43},"end":{"line":426,"column":9}},"line":424},"104":{"name":"(anonymous_104)","decl":{"start":{"line":428,"column":33},"end":{"line":428,"column":34}},"loc":{"start":{"line":428,"column":45},"end":{"line":432,"column":9}},"line":428},"105":{"name":"(anonymous_105)","decl":{"start":{"line":429,"column":71},"end":{"line":429,"column":72}},"loc":{"start":{"line":429,"column":83},"end":{"line":431,"column":11}},"line":429}},"branchMap":{"0":{"loc":{"start":{"line":2,"column":2},"end":{"line":2,"column":276}},"type":"cond-expr","locations":[{"start":{"line":2,"column":60},"end":{"line":2,"column":80}},{"start":{"line":2,"column":83},"end":{"line":2,"column":276}}],"line":2},"1":{"loc":{"start":{"line":2,"column":2},"end":{"line":2,"column":57}},"type":"binary-expr","locations":[{"start":{"line":2,"column":2},"end":{"line":2,"column":28}},{"start":{"line":2,"column":32},"end":{"line":2,"column":57}}],"line":2},"2":{"loc":{"start":{"line":2,"column":83},"end":{"line":2,"column":276}},"type":"cond-expr","locations":[{"start":{"line":2,"column":127},"end":{"line":2,"column":167}},{"start":{"line":2,"column":170},"end":{"line":2,"column":276}}],"line":2},"3":{"loc":{"start":{"line":2,"column":83},"end":{"line":2,"column":124}},"type":"binary-expr","locations":[{"start":{"line":2,"column":83},"end":{"line":2,"column":110}},{"start":{"line":2,"column":114},"end":{"line":2,"column":124}}],"line":2},"4":{"loc":{"start":{"line":2,"column":170},"end":{"line":2,"column":276}},"type":"cond-expr","locations":[{"start":{"line":2,"column":199},"end":{"line":2,"column":239}},{"start":{"line":2,"column":242},"end":{"line":2,"column":276}}],"line":2},"5":{"loc":{"start":{"line":8,"column":6},"end":{"line":8,"column":36}},"type":"if","locations":[{"start":{"line":8,"column":6},"end":{"line":8,"column":36}},{"start":{"line":8,"column":6},"end":{"line":8,"column":36}}],"line":8},"6":{"loc":{"start":{"line":14,"column":6},"end":{"line":14,"column":74}},"type":"binary-expr","locations":[{"start":{"line":14,"column":6},"end":{"line":14,"column":15}},{"start":{"line":14,"column":19},"end":{"line":14,"column":74}}],"line":14},"7":{"loc":{"start":{"line":16,"column":6},"end":{"line":16,"column":125}},"type":"binary-expr","locations":[{"start":{"line":16,"column":6},"end":{"line":16,"column":34}},{"start":{"line":16,"column":38},"end":{"line":16,"column":56}},{"start":{"line":16,"column":60},"end":{"line":16,"column":125}}],"line":16},"8":{"loc":{"start":{"line":18,"column":6},"end":{"line":18,"column":47}},"type":"if","locations":[{"start":{"line":18,"column":6},"end":{"line":18,"column":47}},{"start":{"line":18,"column":6},"end":{"line":18,"column":47}}],"line":18},"9":{"loc":{"start":{"line":18,"column":10},"end":{"line":18,"column":29}},"type":"binary-expr","locations":[{"start":{"line":18,"column":10},"end":{"line":18,"column":15}},{"start":{"line":18,"column":20},"end":{"line":18,"column":28}}],"line":18},"10":{"loc":{"start":{"line":19,"column":6},"end":{"line":19,"column":71}},"type":"if","locations":[{"start":{"line":19,"column":6},"end":{"line":19,"column":71}},{"start":{"line":19,"column":6},"end":{"line":19,"column":71}}],"line":19},"11":{"loc":{"start":{"line":19,"column":10},"end":{"line":19,"column":60}},"type":"binary-expr","locations":[{"start":{"line":19,"column":10},"end":{"line":19,"column":15}},{"start":{"line":19,"column":19},"end":{"line":19,"column":39}},{"start":{"line":19,"column":43},"end":{"line":19,"column":44}},{"start":{"line":19,"column":48},"end":{"line":19,"column":60}}],"line":19},"12":{"loc":{"start":{"line":21,"column":6},"end":{"line":26,"column":23}},"type":"if","locations":[{"start":{"line":21,"column":6},"end":{"line":26,"column":23}},{"start":{"line":21,"column":6},"end":{"line":26,"column":23}}],"line":21},"13":{"loc":{"start":{"line":24,"column":10},"end":{"line":24,"column":39}},"type":"binary-expr","locations":[{"start":{"line":24,"column":10},"end":{"line":24,"column":15}},{"start":{"line":24,"column":19},"end":{"line":24,"column":39}}],"line":24},"14":{"loc":{"start":{"line":29,"column":14},"end":{"line":33,"column":7}},"type":"cond-expr","locations":[{"start":{"line":29,"column":34},"end":{"line":31,"column":7}},{"start":{"line":31,"column":10},"end":{"line":33,"column":7}}],"line":29},"15":{"loc":{"start":{"line":29,"column":14},"end":{"line":29,"column":31}},"type":"binary-expr","locations":[{"start":{"line":29,"column":14},"end":{"line":29,"column":15}},{"start":{"line":29,"column":19},"end":{"line":29,"column":31}}],"line":29},"16":{"loc":{"start":{"line":42,"column":18},"end":{"line":51,"column":7}},"type":"cond-expr","locations":[{"start":{"line":42,"column":65},"end":{"line":42,"column":76}},{"start":{"line":42,"column":79},"end":{"line":51,"column":7}}],"line":42},"17":{"loc":{"start":{"line":42,"column":18},"end":{"line":42,"column":62}},"type":"binary-expr","locations":[{"start":{"line":42,"column":18},"end":{"line":42,"column":47}},{"start":{"line":42,"column":51},"end":{"line":42,"column":62}}],"line":42},"18":{"loc":{"start":{"line":44,"column":17},"end":{"line":44,"column":83}},"type":"binary-expr","locations":[{"start":{"line":44,"column":17},"end":{"line":44,"column":60}},{"start":{"line":44,"column":64},"end":{"line":44,"column":83}}],"line":44},"19":{"loc":{"start":{"line":47,"column":8},"end":{"line":50,"column":9}},"type":"if","locations":[{"start":{"line":47,"column":8},"end":{"line":50,"column":9}},{"start":{"line":47,"column":8},"end":{"line":50,"column":9}}],"line":47},"20":{"loc":{"start":{"line":49,"column":17},"end":{"line":49,"column":48}},"type":"cond-expr","locations":[{"start":{"line":49,"column":25},"end":{"line":49,"column":38}},{"start":{"line":49,"column":41},"end":{"line":49,"column":48}}],"line":49},"21":{"loc":{"start":{"line":51,"column":15},"end":{"line":51,"column":21}},"type":"binary-expr","locations":[{"start":{"line":51,"column":15},"end":{"line":51,"column":16}},{"start":{"line":51,"column":20},"end":{"line":51,"column":21}}],"line":51},"22":{"loc":{"start":{"line":55,"column":6},"end":{"line":55,"column":122}},"type":"if","locations":[{"start":{"line":55,"column":6},"end":{"line":55,"column":122}},{"start":{"line":55,"column":6},"end":{"line":55,"column":122}}],"line":55},"23":{"loc":{"start":{"line":55,"column":10},"end":{"line":55,"column":46}},"type":"binary-expr","locations":[{"start":{"line":55,"column":10},"end":{"line":55,"column":32}},{"start":{"line":55,"column":36},"end":{"line":55,"column":46}}],"line":55},"24":{"loc":{"start":{"line":56,"column":34},"end":{"line":56,"column":50}},"type":"binary-expr","locations":[{"start":{"line":56,"column":34},"end":{"line":56,"column":35}},{"start":{"line":56,"column":39},"end":{"line":56,"column":50}}],"line":56},"25":{"loc":{"start":{"line":62,"column":10},"end":{"line":62,"column":22}},"type":"binary-expr","locations":[{"start":{"line":62,"column":10},"end":{"line":62,"column":11}},{"start":{"line":62,"column":15},"end":{"line":62,"column":22}}],"line":62},"26":{"loc":{"start":{"line":66,"column":18},"end":{"line":68,"column":7}},"type":"binary-expr","locations":[{"start":{"line":66,"column":18},"end":{"line":66,"column":39}},{"start":{"line":66,"column":43},"end":{"line":68,"column":7}}],"line":66},"27":{"loc":{"start":{"line":73,"column":8},"end":{"line":73,"column":75}},"type":"if","locations":[{"start":{"line":73,"column":8},"end":{"line":73,"column":75}},{"start":{"line":73,"column":8},"end":{"line":73,"column":75}}],"line":73},"28":{"loc":{"start":{"line":73,"column":12},"end":{"line":73,"column":63}},"type":"binary-expr","locations":[{"start":{"line":73,"column":12},"end":{"line":73,"column":41}},{"start":{"line":73,"column":45},"end":{"line":73,"column":63}}],"line":73},"29":{"loc":{"start":{"line":74,"column":8},"end":{"line":74,"column":46}},"type":"if","locations":[{"start":{"line":74,"column":8},"end":{"line":74,"column":46}},{"start":{"line":74,"column":8},"end":{"line":74,"column":46}}],"line":74},"30":{"loc":{"start":{"line":75,"column":8},"end":{"line":75,"column":50}},"type":"if","locations":[{"start":{"line":75,"column":8},"end":{"line":75,"column":50}},{"start":{"line":75,"column":8},"end":{"line":75,"column":50}}],"line":75},"31":{"loc":{"start":{"line":85,"column":8},"end":{"line":88,"column":44}},"type":"if","locations":[{"start":{"line":85,"column":8},"end":{"line":88,"column":44}},{"start":{"line":85,"column":8},"end":{"line":88,"column":44}}],"line":85},"32":{"loc":{"start":{"line":94,"column":13},"end":{"line":97,"column":14}},"type":"cond-expr","locations":[{"start":{"line":94,"column":68},"end":{"line":97,"column":10}},{"start":{"line":97,"column":13},"end":{"line":97,"column":14}}],"line":94},"33":{"loc":{"start":{"line":94,"column":13},"end":{"line":94,"column":65}},"type":"binary-expr","locations":[{"start":{"line":94,"column":13},"end":{"line":94,"column":15}},{"start":{"line":94,"column":19},"end":{"line":94,"column":39}},{"start":{"line":94,"column":43},"end":{"line":94,"column":65}}],"line":94},"34":{"loc":{"start":{"line":95,"column":8},"end":{"line":95,"column":114}},"type":"if","locations":[{"start":{"line":95,"column":8},"end":{"line":95,"column":114}},{"start":{"line":95,"column":8},"end":{"line":95,"column":114}}],"line":95},"35":{"loc":{"start":{"line":101,"column":18},"end":{"line":103,"column":7}},"type":"cond-expr","locations":[{"start":{"line":101,"column":42},"end":{"line":101,"column":63}},{"start":{"line":101,"column":66},"end":{"line":103,"column":7}}],"line":101},"36":{"loc":{"start":{"line":102,"column":15},"end":{"line":102,"column":54}},"type":"binary-expr","locations":[{"start":{"line":102,"column":15},"end":{"line":102,"column":26}},{"start":{"line":102,"column":30},"end":{"line":102,"column":54}}],"line":102},"37":{"loc":{"start":{"line":107,"column":13},"end":{"line":120,"column":9}},"type":"binary-expr","locations":[{"start":{"line":107,"column":13},"end":{"line":109,"column":10}},{"start":{"line":109,"column":14},"end":{"line":111,"column":10}},{"start":{"line":111,"column":14},"end":{"line":118,"column":10}},{"start":{"line":118,"column":14},"end":{"line":120,"column":9}}],"line":107},"38":{"loc":{"start":{"line":108,"column":8},"end":{"line":108,"column":42}},"type":"if","locations":[{"start":{"line":108,"column":8},"end":{"line":108,"column":42}},{"start":{"line":108,"column":8},"end":{"line":108,"column":42}}],"line":108},"39":{"loc":{"start":{"line":110,"column":8},"end":{"line":110,"column":95}},"type":"if","locations":[{"start":{"line":110,"column":8},"end":{"line":110,"column":95}},{"start":{"line":110,"column":8},"end":{"line":110,"column":95}}],"line":110},"40":{"loc":{"start":{"line":110,"column":12},"end":{"line":110,"column":72}},"type":"binary-expr","locations":[{"start":{"line":110,"column":12},"end":{"line":110,"column":40}},{"start":{"line":110,"column":44},"end":{"line":110,"column":72}}],"line":110},"41":{"loc":{"start":{"line":112,"column":8},"end":{"line":112,"column":23}},"type":"if","locations":[{"start":{"line":112,"column":8},"end":{"line":112,"column":23}},{"start":{"line":112,"column":8},"end":{"line":112,"column":23}}],"line":112},"42":{"loc":{"start":{"line":113,"column":8},"end":{"line":113,"column":49}},"type":"if","locations":[{"start":{"line":113,"column":8},"end":{"line":113,"column":49}},{"start":{"line":113,"column":8},"end":{"line":113,"column":49}}],"line":113},"43":{"loc":{"start":{"line":115,"column":8},"end":{"line":115,"column":67}},"type":"binary-expr","locations":[{"start":{"line":115,"column":8},"end":{"line":115,"column":22}},{"start":{"line":115,"column":26},"end":{"line":115,"column":39}},{"start":{"line":115,"column":44},"end":{"line":115,"column":66}}],"line":115},"44":{"loc":{"start":{"line":116,"column":8},"end":{"line":116,"column":61}},"type":"if","locations":[{"start":{"line":116,"column":8},"end":{"line":116,"column":61}},{"start":{"line":116,"column":8},"end":{"line":116,"column":61}}],"line":116},"45":{"loc":{"start":{"line":116,"column":12},"end":{"line":116,"column":38}},"type":"binary-expr","locations":[{"start":{"line":116,"column":12},"end":{"line":116,"column":23}},{"start":{"line":116,"column":27},"end":{"line":116,"column":38}}],"line":116},"46":{"loc":{"start":{"line":117,"column":8},"end":{"line":117,"column":100}},"type":"if","locations":[{"start":{"line":117,"column":8},"end":{"line":117,"column":100}},{"start":{"line":117,"column":8},"end":{"line":117,"column":100}}],"line":117},"47":{"loc":{"start":{"line":117,"column":12},"end":{"line":117,"column":83}},"type":"binary-expr","locations":[{"start":{"line":117,"column":12},"end":{"line":117,"column":29}},{"start":{"line":117,"column":33},"end":{"line":117,"column":83}}],"line":117},"48":{"loc":{"start":{"line":124,"column":6},"end":{"line":124,"column":51}},"type":"binary-expr","locations":[{"start":{"line":124,"column":7},"end":{"line":124,"column":16}},{"start":{"line":124,"column":20},"end":{"line":124,"column":32}},{"start":{"line":124,"column":38},"end":{"line":124,"column":50}}],"line":124},"49":{"loc":{"start":{"line":130,"column":6},"end":{"line":130,"column":86}},"type":"if","locations":[{"start":{"line":130,"column":6},"end":{"line":130,"column":86}},{"start":{"line":130,"column":6},"end":{"line":130,"column":86}}],"line":130},"50":{"loc":{"start":{"line":136,"column":23},"end":{"line":136,"column":41}},"type":"binary-expr","locations":[{"start":{"line":136,"column":23},"end":{"line":136,"column":35}},{"start":{"line":136,"column":39},"end":{"line":136,"column":41}}],"line":136},"51":{"loc":{"start":{"line":136,"column":64},"end":{"line":136,"column":97}},"type":"binary-expr","locations":[{"start":{"line":136,"column":64},"end":{"line":136,"column":76}},{"start":{"line":136,"column":81},"end":{"line":136,"column":96}}],"line":136},"52":{"loc":{"start":{"line":141,"column":13},"end":{"line":141,"column":35}},"type":"binary-expr","locations":[{"start":{"line":141,"column":13},"end":{"line":141,"column":14}},{"start":{"line":141,"column":18},"end":{"line":141,"column":35}}],"line":141},"53":{"loc":{"start":{"line":141,"column":37},"end":{"line":141,"column":49}},"type":"binary-expr","locations":[{"start":{"line":141,"column":37},"end":{"line":141,"column":38}},{"start":{"line":141,"column":42},"end":{"line":141,"column":49}}],"line":141},"54":{"loc":{"start":{"line":157,"column":12},"end":{"line":157,"column":41}},"type":"if","locations":[{"start":{"line":157,"column":12},"end":{"line":157,"column":41}},{"start":{"line":157,"column":12},"end":{"line":157,"column":41}}],"line":157},"55":{"loc":{"start":{"line":173,"column":31},"end":{"line":173,"column":269}},"type":"cond-expr","locations":[{"start":{"line":173,"column":75},"end":{"line":173,"column":174}},{"start":{"line":173,"column":179},"end":{"line":173,"column":268}}],"line":173},"56":{"loc":{"start":{"line":179,"column":28},"end":{"line":179,"column":98}},"type":"binary-expr","locations":[{"start":{"line":179,"column":28},"end":{"line":179,"column":43}},{"start":{"line":179,"column":47},"end":{"line":179,"column":98}}],"line":179},"57":{"loc":{"start":{"line":187,"column":12},"end":{"line":187,"column":45}},"type":"if","locations":[{"start":{"line":187,"column":12},"end":{"line":187,"column":45}},{"start":{"line":187,"column":12},"end":{"line":187,"column":45}}],"line":187},"58":{"loc":{"start":{"line":194,"column":19},"end":{"line":194,"column":82}},"type":"binary-expr","locations":[{"start":{"line":194,"column":19},"end":{"line":194,"column":40}},{"start":{"line":194,"column":44},"end":{"line":194,"column":82}}],"line":194},"59":{"loc":{"start":{"line":203,"column":18},"end":{"line":203,"column":85}},"type":"cond-expr","locations":[{"start":{"line":203,"column":68},"end":{"line":203,"column":80}},{"start":{"line":203,"column":83},"end":{"line":203,"column":85}}],"line":203},"60":{"loc":{"start":{"line":203,"column":18},"end":{"line":203,"column":65}},"type":"binary-expr","locations":[{"start":{"line":203,"column":18},"end":{"line":203,"column":38}},{"start":{"line":203,"column":42},"end":{"line":203,"column":65}}],"line":203},"61":{"loc":{"start":{"line":209,"column":20},"end":{"line":209,"column":95}},"type":"cond-expr","locations":[{"start":{"line":209,"column":70},"end":{"line":209,"column":82}},{"start":{"line":209,"column":85},"end":{"line":209,"column":95}}],"line":209},"62":{"loc":{"start":{"line":209,"column":20},"end":{"line":209,"column":67}},"type":"binary-expr","locations":[{"start":{"line":209,"column":20},"end":{"line":209,"column":40}},{"start":{"line":209,"column":44},"end":{"line":209,"column":67}}],"line":209},"63":{"loc":{"start":{"line":210,"column":12},"end":{"line":210,"column":42}},"type":"if","locations":[{"start":{"line":210,"column":12},"end":{"line":210,"column":42}},{"start":{"line":210,"column":12},"end":{"line":210,"column":42}}],"line":210},"64":{"loc":{"start":{"line":216,"column":12},"end":{"line":216,"column":27}},"type":"binary-expr","locations":[{"start":{"line":216,"column":12},"end":{"line":216,"column":13}},{"start":{"line":216,"column":17},"end":{"line":216,"column":27}}],"line":216},"65":{"loc":{"start":{"line":220,"column":20},"end":{"line":220,"column":87}},"type":"cond-expr","locations":[{"start":{"line":220,"column":70},"end":{"line":220,"column":82}},{"start":{"line":220,"column":85},"end":{"line":220,"column":87}}],"line":220},"66":{"loc":{"start":{"line":220,"column":20},"end":{"line":220,"column":67}},"type":"binary-expr","locations":[{"start":{"line":220,"column":20},"end":{"line":220,"column":40}},{"start":{"line":220,"column":44},"end":{"line":220,"column":67}}],"line":220},"67":{"loc":{"start":{"line":225,"column":35},"end":{"line":225,"column":55}},"type":"binary-expr","locations":[{"start":{"line":225,"column":35},"end":{"line":225,"column":49}},{"start":{"line":225,"column":53},"end":{"line":225,"column":55}}],"line":225},"68":{"loc":{"start":{"line":235,"column":19},"end":{"line":235,"column":111}},"type":"binary-expr","locations":[{"start":{"line":235,"column":19},"end":{"line":235,"column":62}},{"start":{"line":235,"column":66},"end":{"line":235,"column":111}}],"line":235},"69":{"loc":{"start":{"line":241,"column":45},"end":{"line":241,"column":149}},"type":"binary-expr","locations":[{"start":{"line":241,"column":45},"end":{"line":241,"column":59}},{"start":{"line":241,"column":63},"end":{"line":241,"column":103}},{"start":{"line":241,"column":107},"end":{"line":241,"column":149}}],"line":241},"70":{"loc":{"start":{"line":249,"column":14},"end":{"line":249,"column":39}},"type":"binary-expr","locations":[{"start":{"line":249,"column":14},"end":{"line":249,"column":15}},{"start":{"line":249,"column":20},"end":{"line":249,"column":38}}],"line":249},"71":{"loc":{"start":{"line":343,"column":19},"end":{"line":343,"column":48}},"type":"binary-expr","locations":[{"start":{"line":343,"column":19},"end":{"line":343,"column":36}},{"start":{"line":343,"column":40},"end":{"line":343,"column":48}}],"line":343},"72":{"loc":{"start":{"line":344,"column":17},"end":{"line":344,"column":55}},"type":"cond-expr","locations":[{"start":{"line":344,"column":34},"end":{"line":344,"column":48}},{"start":{"line":344,"column":51},"end":{"line":344,"column":55}}],"line":344},"73":{"loc":{"start":{"line":389,"column":17},"end":{"line":389,"column":107}},"type":"cond-expr","locations":[{"start":{"line":389,"column":57},"end":{"line":389,"column":61}},{"start":{"line":389,"column":64},"end":{"line":389,"column":107}}],"line":389},"74":{"loc":{"start":{"line":393,"column":17},"end":{"line":395,"column":13}},"type":"binary-expr","locations":[{"start":{"line":393,"column":17},"end":{"line":393,"column":49}},{"start":{"line":393,"column":53},"end":{"line":395,"column":13}}],"line":393},"75":{"loc":{"start":{"line":429,"column":17},"end":{"line":431,"column":17}},"type":"cond-expr","locations":[{"start":{"line":429,"column":32},"end":{"line":429,"column":37}},{"start":{"line":429,"column":40},"end":{"line":431,"column":17}}],"line":429}},"s":{"0":1,"1":1,"2":1,"3":1,"4":1,"5":0,"6":1,"7":1,"8":1,"9":1,"10":1,"11":0,"12":0,"13":0,"14":0,"15":0,"16":0,"17":0,"18":0,"19":0,"20":0,"21":0,"22":0,"23":0,"24":0,"25":1,"26":1,"27":0,"28":0,"29":0,"30":0,"31":0,"32":0,"33":8,"34":0,"35":8,"36":1,"37":0,"38":8,"39":8,"40":0,"41":8,"42":0,"43":8,"44":8,"45":0,"46":0,"47":0,"48":8,"49":230,"50":230,"51":230,"52":230,"53":0,"54":230,"55":230,"56":0,"57":0,"58":0,"59":1,"60":0,"61":100,"62":100,"63":0,"64":100,"65":100,"66":0,"67":0,"68":0,"69":0,"70":0,"71":0,"72":0,"73":0,"74":0,"75":0,"76":0,"77":0,"78":0,"79":0,"80":0,"81":0,"82":0,"83":433,"84":0,"85":14,"86":14,"87":32,"88":32,"89":14,"90":1,"91":35,"92":1,"93":1,"94":1,"95":0,"96":1,"97":26,"98":26,"99":3,"100":23,"101":23,"102":9,"103":9,"104":1,"105":32,"106":32,"107":18,"108":1,"109":23,"110":9,"111":23,"112":16,"113":7,"114":8,"115":23,"116":23,"117":1,"118":26,"119":26,"120":1,"121":13,"122":13,"123":1,"124":12,"125":5,"126":5,"127":67,"128":67,"129":49,"130":1,"131":144,"132":1,"133":547,"134":87,"135":87,"136":125,"137":8,"138":8,"139":9,"140":9,"141":149,"142":68,"143":15,"144":57,"145":1,"146":1,"147":1,"148":1,"149":17,"150":1,"151":17,"152":119,"153":17,"154":1,"155":1,"156":1,"157":1,"158":53,"159":1,"160":1,"161":1,"162":1,"163":1,"164":17,"165":1,"166":17,"167":1,"168":1,"169":1,"170":1,"171":54,"172":1,"173":102,"174":1,"175":1,"176":1,"177":1,"178":36,"179":1,"180":36,"181":36,"182":1,"183":1,"184":1,"185":1,"186":20,"187":1,"188":23,"189":1,"190":1,"191":1,"192":1,"193":17,"194":1,"195":17,"196":1,"197":1,"198":1,"199":1,"200":16,"201":1,"202":16,"203":16,"204":60,"205":1,"206":1,"207":1,"208":1,"209":1,"210":0,"211":1,"212":0,"213":1,"214":137,"215":8,"216":145,"217":547,"218":1},"f":{"0":1,"1":1,"2":1,"3":1,"4":1,"5":1,"6":0,"7":0,"8":0,"9":0,"10":0,"11":1,"12":1,"13":1,"14":0,"15":0,"16":8,"17":1,"18":0,"19":8,"20":8,"21":0,"22":230,"23":230,"24":0,"25":1,"26":0,"27":100,"28":100,"29":100,"30":0,"31":0,"32":0,"33":433,"34":14,"35":14,"36":35,"37":1,"38":0,"39":26,"40":23,"41":9,"42":9,"43":1,"44":32,"45":18,"46":23,"47":9,"48":23,"49":8,"50":23,"51":23,"52":1,"53":26,"54":13,"55":5,"56":67,"57":49,"58":1,"59":144,"60":547,"61":87,"62":125,"63":8,"64":9,"65":149,"66":68,"67":15,"68":57,"69":1,"70":17,"71":17,"72":119,"73":17,"74":1,"75":53,"76":1,"77":17,"78":17,"79":1,"80":54,"81":102,"82":1,"83":36,"84":36,"85":1,"86":20,"87":23,"88":1,"89":17,"90":17,"91":1,"92":16,"93":16,"94":16,"95":60,"96":1,"97":1,"98":1,"99":0,"100":1,"101":0,"102":137,"103":8,"104":145,"105":547},"b":{"0":[1,0],"1":[1,1],"2":[0,0],"3":[0,0],"4":[0,0],"5":[0,1],"6":[1,1],"7":[1,1,1],"8":[0,0],"9":[0,0],"10":[0,0],"11":[0,0,0,0],"12":[0,0],"13":[0,0],"14":[0,0],"15":[0,0],"16":[1,0],"17":[1,1],"18":[0,0],"19":[0,0],"20":[0,0],"21":[1,0],"22":[0,8],"23":[8,0],"24":[8,8],"25":[8,8],"26":[1,0],"27":[0,8],"28":[8,8],"29":[0,8],"30":[8,0],"31":[230,0],"32":[0,230],"33":[230,230,0],"34":[0,0],"35":[1,0],"36":[0,0],"37":[100,100,0,0],"38":[0,100],"39":[100,0],"40":[100,100],"41":[0,0],"42":[0,0],"43":[0,0,0],"44":[0,0],"45":[0,0],"46":[0,0],"47":[0,0],"48":[0,0,0],"49":[0,433],"50":[32,32],"51":[32,19],"52":[14,11],"53":[14,3],"54":[3,23],"55":[13,5],"56":[23,23],"57":[16,7],"58":[23,23],"59":[26,0],"60":[26,26],"61":[13,0],"62":[13,13],"63":[1,12],"64":[5,2],"65":[5,62],"66":[67,5],"67":[49,30],"68":[547,363],"69":[125,15,15],"70":[9,8],"71":[36,0],"72":[2,34],"73":[15,1],"74":[16,15],"75":[1,144]},"_coverageSchema":"43e27e138ebf9cfc5966b082cf9a028302ed4184","hash":"2703cf213824f33d9d96ae07793ba0db3706f83d"}
}
