TN:
SF:/Users/thomas/Projects/src/github/turbolinks-bfcache-form/dist/turbolinks-bfcache-form.js
FN:1,(anonymous_0)
FN:3,(anonymous_1)
FN:4,(anonymous_2)
FN:7,n
FN:13,(anonymous_4)
FN:15,(anonymous_5)
FN:17,(anonymous_6)
FN:24,(anonymous_7)
FN:28,(anonymous_8)
FN:29,(anonymous_9)
FN:31,(anonymous_10)
FN:35,(anonymous_11)
FN:38,(anonymous_12)
FN:41,r
FN:42,(anonymous_14)
FN:43,(anonymous_15)
FN:54,o
FN:65,u
FN:66,(anonymous_18)
FN:71,c
FN:72,(anonymous_20)
FN:77,(anonymous_21)
FN:83,(anonymous_22)
FN:93,i
FN:94,(anonymous_24)
FN:100,a
FN:101,(anonymous_26)
FN:106,f
FN:107,(anonymous_28)
FN:109,(anonymous_29)
FN:111,(anonymous_30)
FN:118,(anonymous_31)
FN:123,l
FN:129,s
FN:133,h
FN:140,y
FN:144,(anonymous_36)
FN:149,(anonymous_37)
FN:150,t
FN:155,(anonymous_39)
FN:158,(anonymous_40)
FN:163,(anonymous_41)
FN:164,(anonymous_42)
FN:169,(anonymous_43)
FN:170,t
FN:172,(anonymous_45)
FN:178,(anonymous_46)
FN:182,(anonymous_47)
FN:186,(anonymous_48)
FN:188,(anonymous_49)
FN:193,(anonymous_50)
FN:197,(anonymous_51)
FN:201,(anonymous_52)
FN:202,t
FN:208,(anonymous_54)
FN:214,(anonymous_55)
FN:219,(anonymous_56)
FN:224,(anonymous_57)
FN:228,(anonymous_58)
FN:229,t
FN:234,(anonymous_60)
FN:238,(anonymous_61)
FN:240,(anonymous_62)
FN:245,(anonymous_63)
FN:247,(anonymous_64)
FN:253,(anonymous_65)
FN:257,(anonymous_66)
FN:261,(anonymous_67)
FN:265,(anonymous_68)
FN:271,(anonymous_69)
FN:275,n
FN:280,(anonymous_71)
FN:281,(anonymous_72)
FN:286,(anonymous_73)
FN:292,(anonymous_74)
FN:296,n
FN:303,(anonymous_76)
FN:307,n
FN:312,(anonymous_78)
FN:318,(anonymous_79)
FN:322,n
FN:327,(anonymous_81)
FN:333,(anonymous_82)
FN:337,n
FN:342,(anonymous_84)
FN:349,(anonymous_85)
FN:353,n
FN:358,(anonymous_87)
FN:364,(anonymous_88)
FN:368,n
FN:373,(anonymous_90)
FN:379,(anonymous_91)
FN:383,n
FN:388,(anonymous_93)
FN:392,(anonymous_94)
FN:393,(anonymous_95)
FN:400,(anonymous_96)
FN:401,t
FN:406,(anonymous_98)
FN:410,(anonymous_99)
FN:414,(anonymous_100)
FN:415,t
FN:420,(anonymous_102)
FN:424,(anonymous_103)
FN:428,(anonymous_104)
FN:429,(anonymous_105)
FNF:106
FNH:89
FNDA:1,(anonymous_0)
FNDA:1,(anonymous_1)
FNDA:1,(anonymous_2)
FNDA:1,n
FNDA:1,(anonymous_4)
FNDA:1,(anonymous_5)
FNDA:0,(anonymous_6)
FNDA:0,(anonymous_7)
FNDA:0,(anonymous_8)
FNDA:0,(anonymous_9)
FNDA:0,(anonymous_10)
FNDA:1,(anonymous_11)
FNDA:1,(anonymous_12)
FNDA:1,r
FNDA:0,(anonymous_14)
FNDA:0,(anonymous_15)
FNDA:8,o
FNDA:1,u
FNDA:0,(anonymous_18)
FNDA:8,c
FNDA:8,(anonymous_20)
FNDA:0,(anonymous_21)
FNDA:230,(anonymous_22)
FNDA:230,i
FNDA:0,(anonymous_24)
FNDA:1,a
FNDA:0,(anonymous_26)
FNDA:100,f
FNDA:100,(anonymous_28)
FNDA:100,(anonymous_29)
FNDA:0,(anonymous_30)
FNDA:0,(anonymous_31)
FNDA:0,l
FNDA:433,s
FNDA:14,h
FNDA:14,y
FNDA:35,(anonymous_36)
FNDA:1,(anonymous_37)
FNDA:0,t
FNDA:26,(anonymous_39)
FNDA:23,(anonymous_40)
FNDA:9,(anonymous_41)
FNDA:9,(anonymous_42)
FNDA:1,(anonymous_43)
FNDA:32,t
FNDA:18,(anonymous_45)
FNDA:23,(anonymous_46)
FNDA:9,(anonymous_47)
FNDA:23,(anonymous_48)
FNDA:8,(anonymous_49)
FNDA:23,(anonymous_50)
FNDA:23,(anonymous_51)
FNDA:1,(anonymous_52)
FNDA:26,t
FNDA:13,(anonymous_54)
FNDA:5,(anonymous_55)
FNDA:67,(anonymous_56)
FNDA:49,(anonymous_57)
FNDA:1,(anonymous_58)
FNDA:144,t
FNDA:547,(anonymous_60)
FNDA:87,(anonymous_61)
FNDA:125,(anonymous_62)
FNDA:8,(anonymous_63)
FNDA:9,(anonymous_64)
FNDA:149,(anonymous_65)
FNDA:68,(anonymous_66)
FNDA:15,(anonymous_67)
FNDA:57,(anonymous_68)
FNDA:1,(anonymous_69)
FNDA:17,n
FNDA:17,(anonymous_71)
FNDA:119,(anonymous_72)
FNDA:17,(anonymous_73)
FNDA:1,(anonymous_74)
FNDA:53,n
FNDA:1,(anonymous_76)
FNDA:17,n
FNDA:17,(anonymous_78)
FNDA:1,(anonymous_79)
FNDA:54,n
FNDA:102,(anonymous_81)
FNDA:1,(anonymous_82)
FNDA:36,n
FNDA:36,(anonymous_84)
FNDA:1,(anonymous_85)
FNDA:20,n
FNDA:23,(anonymous_87)
FNDA:1,(anonymous_88)
FNDA:17,n
FNDA:17,(anonymous_90)
FNDA:1,(anonymous_91)
FNDA:16,n
FNDA:16,(anonymous_93)
FNDA:16,(anonymous_94)
FNDA:60,(anonymous_95)
FNDA:1,(anonymous_96)
FNDA:1,t
FNDA:1,(anonymous_98)
FNDA:0,(anonymous_99)
FNDA:1,(anonymous_100)
FNDA:0,t
FNDA:137,(anonymous_102)
FNDA:8,(anonymous_103)
FNDA:145,(anonymous_104)
FNDA:547,(anonymous_105)
DA:1,1
DA:2,1
DA:4,1
DA:5,1
DA:8,1
DA:9,1
DA:10,1
DA:13,1
DA:14,1
DA:16,1
DA:18,0
DA:19,0
DA:20,0
DA:21,0
DA:24,0
DA:25,0
DA:27,0
DA:29,0
DA:30,0
DA:32,0
DA:34,0
DA:36,1
DA:42,1
DA:43,0
DA:44,0
DA:45,0
DA:47,0
DA:48,0
DA:49,0
DA:55,8
DA:56,8
DA:66,1
DA:67,0
DA:72,8
DA:73,8
DA:74,8
DA:75,8
DA:76,0
DA:77,0
DA:80,0
DA:83,8
DA:84,230
DA:85,230
DA:86,230
DA:87,230
DA:88,0
DA:89,230
DA:94,230
DA:95,0
DA:96,0
DA:101,1
DA:102,0
DA:107,100
DA:108,100
DA:110,100
DA:112,0
DA:113,0
DA:114,0
DA:115,0
DA:116,0
DA:117,0
DA:119,0
DA:124,0
DA:125,0
DA:126,0
DA:130,433
DA:134,14
DA:135,32
DA:136,32
DA:141,14
DA:144,1
DA:145,35
DA:147,1
DA:148,1
DA:149,1
DA:151,0
DA:154,1
DA:156,26
DA:157,26
DA:158,23
DA:159,23
DA:164,9
DA:165,9
DA:169,1
DA:171,32
DA:172,32
DA:173,18
DA:177,1
DA:179,23
DA:183,9
DA:187,23
DA:188,7
DA:189,8
DA:194,23
DA:198,23
DA:201,1
DA:203,26
DA:204,26
DA:207,1
DA:209,13
DA:210,13
DA:211,12
DA:215,5
DA:216,5
DA:220,67
DA:221,67
DA:225,49
DA:228,1
DA:230,144
DA:233,1
DA:235,547
DA:239,87
DA:240,87
DA:241,125
DA:246,8
DA:247,8
DA:248,9
DA:249,9
DA:254,149
DA:258,68
DA:262,15
DA:266,57
DA:270,1
DA:271,1
DA:272,1
DA:273,1
DA:276,17
DA:279,1
DA:281,17
DA:282,119
DA:287,17
DA:291,1
DA:292,1
DA:293,1
DA:294,1
DA:297,53
DA:300,1
DA:302,1
DA:303,1
DA:304,1
DA:305,1
DA:308,17
DA:311,1
DA:313,17
DA:317,1
DA:318,1
DA:319,1
DA:320,1
DA:323,54
DA:326,1
DA:328,102
DA:332,1
DA:333,1
DA:334,1
DA:335,1
DA:338,36
DA:341,1
DA:343,36
DA:344,36
DA:348,1
DA:349,1
DA:350,1
DA:351,1
DA:354,20
DA:357,1
DA:359,23
DA:363,1
DA:364,1
DA:365,1
DA:366,1
DA:369,17
DA:372,1
DA:374,17
DA:378,1
DA:379,1
DA:380,1
DA:381,1
DA:384,16
DA:387,1
DA:389,16
DA:393,16
DA:394,60
DA:399,1
DA:400,1
DA:402,1
DA:405,1
DA:407,1
DA:411,0
DA:414,1
DA:416,0
DA:419,1
DA:421,137
DA:425,8
DA:429,145
DA:430,547
DA:435,1
LF:196
LH:158
BRDA:2,0,0,1
BRDA:2,0,1,0
BRDA:2,1,0,1
BRDA:2,1,1,1
BRDA:2,2,0,0
BRDA:2,2,1,0
BRDA:2,3,0,0
BRDA:2,3,1,0
BRDA:2,4,0,0
BRDA:2,4,1,0
BRDA:8,5,0,0
BRDA:8,5,1,1
BRDA:14,6,0,1
BRDA:14,6,1,1
BRDA:16,7,0,1
BRDA:16,7,1,1
BRDA:16,7,2,1
BRDA:18,8,0,0
BRDA:18,8,1,0
BRDA:18,9,0,0
BRDA:18,9,1,0
BRDA:19,10,0,0
BRDA:19,10,1,0
BRDA:19,11,0,0
BRDA:19,11,1,0
BRDA:19,11,2,0
BRDA:19,11,3,0
BRDA:21,12,0,0
BRDA:21,12,1,0
BRDA:24,13,0,0
BRDA:24,13,1,0
BRDA:29,14,0,0
BRDA:29,14,1,0
BRDA:29,15,0,0
BRDA:29,15,1,0
BRDA:42,16,0,1
BRDA:42,16,1,0
BRDA:42,17,0,1
BRDA:42,17,1,1
BRDA:44,18,0,0
BRDA:44,18,1,0
BRDA:47,19,0,0
BRDA:47,19,1,0
BRDA:49,20,0,0
BRDA:49,20,1,0
BRDA:51,21,0,1
BRDA:51,21,1,0
BRDA:55,22,0,0
BRDA:55,22,1,8
BRDA:55,23,0,8
BRDA:55,23,1,0
BRDA:56,24,0,8
BRDA:56,24,1,8
BRDA:62,25,0,8
BRDA:62,25,1,8
BRDA:66,26,0,1
BRDA:66,26,1,0
BRDA:73,27,0,0
BRDA:73,27,1,8
BRDA:73,28,0,8
BRDA:73,28,1,8
BRDA:74,29,0,0
BRDA:74,29,1,8
BRDA:75,30,0,8
BRDA:75,30,1,0
BRDA:85,31,0,230
BRDA:85,31,1,0
BRDA:94,32,0,0
BRDA:94,32,1,230
BRDA:94,33,0,230
BRDA:94,33,1,230
BRDA:94,33,2,0
BRDA:95,34,0,0
BRDA:95,34,1,0
BRDA:101,35,0,1
BRDA:101,35,1,0
BRDA:102,36,0,0
BRDA:102,36,1,0
BRDA:107,37,0,100
BRDA:107,37,1,100
BRDA:107,37,2,0
BRDA:107,37,3,0
BRDA:108,38,0,0
BRDA:108,38,1,100
BRDA:110,39,0,100
BRDA:110,39,1,0
BRDA:110,40,0,100
BRDA:110,40,1,100
BRDA:112,41,0,0
BRDA:112,41,1,0
BRDA:113,42,0,0
BRDA:113,42,1,0
BRDA:115,43,0,0
BRDA:115,43,1,0
BRDA:115,43,2,0
BRDA:116,44,0,0
BRDA:116,44,1,0
BRDA:116,45,0,0
BRDA:116,45,1,0
BRDA:117,46,0,0
BRDA:117,46,1,0
BRDA:117,47,0,0
BRDA:117,47,1,0
BRDA:124,48,0,0
BRDA:124,48,1,0
BRDA:124,48,2,0
BRDA:130,49,0,0
BRDA:130,49,1,433
BRDA:136,50,0,32
BRDA:136,50,1,32
BRDA:136,51,0,32
BRDA:136,51,1,19
BRDA:141,52,0,14
BRDA:141,52,1,11
BRDA:141,53,0,14
BRDA:141,53,1,3
BRDA:157,54,0,3
BRDA:157,54,1,23
BRDA:173,55,0,13
BRDA:173,55,1,5
BRDA:179,56,0,23
BRDA:179,56,1,23
BRDA:187,57,0,16
BRDA:187,57,1,7
BRDA:194,58,0,23
BRDA:194,58,1,23
BRDA:203,59,0,26
BRDA:203,59,1,0
BRDA:203,60,0,26
BRDA:203,60,1,26
BRDA:209,61,0,13
BRDA:209,61,1,0
BRDA:209,62,0,13
BRDA:209,62,1,13
BRDA:210,63,0,1
BRDA:210,63,1,12
BRDA:216,64,0,5
BRDA:216,64,1,2
BRDA:220,65,0,5
BRDA:220,65,1,62
BRDA:220,66,0,67
BRDA:220,66,1,5
BRDA:225,67,0,49
BRDA:225,67,1,30
BRDA:235,68,0,547
BRDA:235,68,1,363
BRDA:241,69,0,125
BRDA:241,69,1,15
BRDA:241,69,2,15
BRDA:249,70,0,9
BRDA:249,70,1,8
BRDA:343,71,0,36
BRDA:343,71,1,0
BRDA:344,72,0,2
BRDA:344,72,1,34
BRDA:389,73,0,15
BRDA:389,73,1,1
BRDA:393,74,0,16
BRDA:393,74,1,15
BRDA:429,75,0,1
BRDA:429,75,1,144
BRF:161
BRH:87
end_of_record
